TN:
SF:C:\Users\Sergio\Documents\9 Noveno Semestre\CloeRepoGit\ProyectoWeb\proyectoWeb\backend\index.js
FN:28,(anonymous_0)
FNF:1
FNH:0
FNDA:0,(anonymous_0)
DA:1,0
DA:2,0
DA:3,0
DA:4,0
DA:6,0
DA:7,0
DA:9,0
DA:24,0
DA:25,0
DA:28,0
DA:29,0
DA:30,0
DA:31,0
DA:32,0
LF:14
LH:0
BRDA:28,0,0,0
BRDA:28,0,1,0
BRF:2
BRH:0
end_of_record
TN:
SF:C:\Users\Sergio\Documents\9 Noveno Semestre\CloeRepoGit\ProyectoWeb\proyectoWeb\backend\swagger.js
FNF:0
FNH:0
LF:0
LH:0
BRF:0
BRH:0
end_of_record
TN:
SF:C:\Users\Sergio\Documents\9 Noveno Semestre\CloeRepoGit\ProyectoWeb\proyectoWeb\backend\PruebasUnitarias\fileHelpers.js
FN:6,saveJSON
FN:11,getJSON
FNF:2
FNH:2
FNDA:7,saveJSON
FNDA:8,getJSON
DA:1,1
DA:2,1
DA:4,1
DA:7,7
DA:8,7
DA:12,8
DA:13,8
DA:16,1
LF:8
LH:8
BRF:0
BRH:0
end_of_record
TN:
SF:C:\Users\Sergio\Documents\9 Noveno Semestre\CloeRepoGit\ProyectoWeb\proyectoWeb\backend\PruebasUnitarias\users_products.js
FN:5,getAllUsers
FN:9,createUser
FN:27,getUserByEmail
FN:29,(anonymous_3)
FN:35,deleteUserByEmail
FN:37,(anonymous_5)
FN:43,UpdateUser
FN:45,(anonymous_7)
FN:66,createProduct
FN:84,deleteProductByName
FN:86,(anonymous_10)
FN:92,getAllProducts
FN:97,getProductByName
FN:99,(anonymous_13)
FN:103,UpdateProduct
FN:105,(anonymous_15)
FNF:16
FNH:14
FNDA:0,getAllUsers
FNDA:1,createUser
FNDA:1,getUserByEmail
FNDA:6,(anonymous_3)
FNDA:1,deleteUserByEmail
FNDA:6,(anonymous_5)
FNDA:1,UpdateUser
FNDA:2,(anonymous_7)
FNDA:1,createProduct
FNDA:1,deleteProductByName
FNDA:4,(anonymous_10)
FNDA:0,getAllProducts
FNDA:1,getProductByName
FNDA:1,(anonymous_13)
FNDA:1,UpdateProduct
FNDA:1,(anonymous_15)
DA:2,1
DA:6,0
DA:10,1
DA:22,1
DA:23,1
DA:24,1
DA:28,1
DA:29,6
DA:30,1
DA:31,1
DA:32,1
DA:36,1
DA:37,6
DA:38,1
DA:39,1
DA:40,1
DA:44,1
DA:45,2
DA:47,1
DA:48,1
DA:49,1
DA:50,1
DA:51,1
DA:52,1
DA:53,1
DA:54,1
DA:56,1
DA:58,1
DA:64,1
DA:67,1
DA:79,1
DA:80,1
DA:81,1
DA:85,1
DA:86,4
DA:87,1
DA:88,1
DA:89,1
DA:93,0
DA:94,0
DA:98,1
DA:99,1
DA:100,1
DA:104,1
DA:105,1
DA:107,1
DA:108,1
DA:109,1
DA:110,1
DA:111,1
DA:112,1
DA:113,1
DA:114,1
DA:116,1
DA:117,1
DA:120,1
LF:56
LH:53
BRDA:30,0,0,1
BRDA:30,0,1,0
BRDA:47,1,0,1
BRDA:47,1,1,1
BRDA:48,2,0,1
BRDA:48,2,1,0
BRDA:49,3,0,1
BRDA:49,3,1,0
BRDA:50,4,0,1
BRDA:50,4,1,0
BRDA:51,5,0,1
BRDA:51,5,1,0
BRDA:52,6,0,1
BRDA:52,6,1,0
BRDA:53,7,0,1
BRDA:53,7,1,0
BRDA:54,8,0,1
BRDA:54,8,1,1
BRDA:107,9,0,1
BRDA:107,9,1,0
BRDA:108,10,0,1
BRDA:108,10,1,0
BRDA:109,11,0,1
BRDA:109,11,1,0
BRDA:110,12,0,1
BRDA:110,12,1,0
BRDA:111,13,0,1
BRDA:111,13,1,0
BRDA:112,14,0,1
BRDA:112,14,1,1
BRDA:113,15,0,1
BRDA:113,15,1,0
BRDA:114,16,0,1
BRDA:114,16,1,0
BRF:34
BRH:20
end_of_record
TN:
SF:C:\Users\Sergio\Documents\9 Noveno Semestre\CloeRepoGit\ProyectoWeb\proyectoWeb\backend\PruebasUnitarias\users_products.test.js
FN:3,(anonymous_0)
FN:16,(anonymous_1)
FN:17,(anonymous_2)
FN:37,(anonymous_3)
FN:38,(anonymous_4)
FN:48,(anonymous_5)
FN:49,(anonymous_6)
FN:59,(anonymous_7)
FN:60,(anonymous_8)
FN:80,(anonymous_9)
FN:81,(anonymous_10)
FN:101,(anonymous_11)
FN:102,(anonymous_12)
FN:112,(anonymous_13)
FN:113,(anonymous_14)
FN:122,(anonymous_15)
FN:123,(anonymous_16)
FNF:17
FNH:17
FNDA:1,(anonymous_0)
FNDA:1,(anonymous_1)
FNDA:1,(anonymous_2)
FNDA:1,(anonymous_3)
FNDA:1,(anonymous_4)
FNDA:1,(anonymous_5)
FNDA:1,(anonymous_6)
FNDA:1,(anonymous_7)
FNDA:1,(anonymous_8)
FNDA:1,(anonymous_9)
FNDA:1,(anonymous_10)
FNDA:1,(anonymous_11)
FNDA:1,(anonymous_12)
FNDA:1,(anonymous_13)
FNDA:1,(anonymous_14)
FNDA:1,(anonymous_15)
FNDA:1,(anonymous_16)
DA:1,1
DA:3,1
DA:4,1
DA:16,1
DA:17,1
DA:19,1
DA:31,1
DA:33,1
DA:37,1
DA:38,1
DA:40,1
DA:42,1
DA:44,1
DA:48,1
DA:49,1
DA:51,1
DA:53,1
DA:55,1
DA:59,1
DA:60,1
DA:62,1
DA:74,1
DA:76,1
DA:80,1
DA:81,1
DA:83,1
DA:95,1
DA:97,1
DA:101,1
DA:102,1
DA:104,1
DA:106,1
DA:108,1
DA:112,1
DA:113,1
DA:115,1
DA:117,1
DA:119,1
DA:122,1
DA:123,1
DA:125,1
DA:137,1
DA:139,1
LF:43
LH:43
BRF:0
BRH:0
end_of_record
TN:
SF:C:\Users\Sergio\Documents\9 Noveno Semestre\CloeRepoGit\ProyectoWeb\proyectoWeb\backend\database\db.database.js
FN:13,(anonymous_0)
FN:18,getAllUsers
FN:22,createUser
FN:38,getUserByEmail
FN:48,deleteUserByEmail
FN:53,UpdateUserByEmail
FN:59,loginStatus
FN:76,createProduct
FN:80,deleteProductByName
FN:87,getAllProducts
FN:91,getProductByName
FN:101,UpdateProductByName
FNF:12
FNH:0
FNDA:0,(anonymous_0)
FNDA:0,getAllUsers
FNDA:0,createUser
FNDA:0,getUserByEmail
FNDA:0,deleteUserByEmail
FNDA:0,UpdateUserByEmail
FNDA:0,loginStatus
FNDA:0,createProduct
FNDA:0,deleteProductByName
FNDA:0,getAllProducts
FNDA:0,getProductByName
FNDA:0,UpdateProductByName
DA:2,0
DA:5,0
DA:6,0
DA:7,0
DA:8,0
DA:9,0
DA:11,0
DA:12,0
DA:13,0
DA:14,0
DA:19,0
DA:23,0
DA:34,0
DA:40,0
DA:45,0
DA:49,0
DA:50,0
DA:55,0
DA:56,0
DA:60,0
DA:63,0
DA:64,0
DA:66,0
DA:74,0
DA:77,0
DA:81,0
DA:84,0
DA:88,0
DA:93,0
DA:97,0
DA:98,0
DA:102,0
DA:103,0
DA:107,0
LF:34
LH:0
BRDA:63,0,0,0
BRDA:63,0,1,0
BRF:2
BRH:0
end_of_record
TN:
SF:C:\Users\Sergio\Documents\9 Noveno Semestre\CloeRepoGit\ProyectoWeb\proyectoWeb\backend\routes\user.routes.js
FN:6,(anonymous_0)
FN:11,(anonymous_1)
FN:17,(anonymous_2)
FN:22,(anonymous_3)
FN:35,(anonymous_4)
FN:47,(anonymous_5)
FN:56,(anonymous_6)
FN:62,(anonymous_7)
FN:67,(anonymous_8)
FN:72,(anonymous_9)
FN:77,(anonymous_10)
FNF:11
FNH:0
FNDA:0,(anonymous_0)
FNDA:0,(anonymous_1)
FNDA:0,(anonymous_2)
FNDA:0,(anonymous_3)
FNDA:0,(anonymous_4)
FNDA:0,(anonymous_5)
FNDA:0,(anonymous_6)
FNDA:0,(anonymous_7)
FNDA:0,(anonymous_8)
FNDA:0,(anonymous_9)
FNDA:0,(anonymous_10)
DA:1,0
DA:2,0
DA:3,0
DA:6,0
DA:7,0
DA:8,0
DA:11,0
DA:12,0
DA:13,0
DA:14,0
DA:17,0
DA:18,0
DA:19,0
DA:22,0
DA:24,0
DA:25,0
DA:26,0
DA:30,0
DA:31,0
DA:35,0
DA:38,0
DA:39,0
DA:40,0
DA:42,0
DA:43,0
DA:47,0
DA:48,0
DA:49,0
DA:50,0
DA:51,0
DA:56,0
DA:57,0
DA:58,0
DA:59,0
DA:62,0
DA:63,0
DA:64,0
DA:67,0
DA:68,0
DA:69,0
DA:72,0
DA:73,0
DA:74,0
DA:77,0
DA:78,0
DA:79,0
DA:80,0
DA:82,0
DA:83,0
DA:87,0
LF:50
LH:0
BRF:0
BRH:0
end_of_record
